<?xml version="1.0" encoding="UTF-8"?>
<!-- Generated by org.testng.reporters.JUnitReportReporter -->
<testsuite hostname="DESKTOP-AOKGK2P" failures="0" tests="2" name="Day1.Registration" time="7.338" errors="0" timestamp="2023-07-16T23:35:17 IST" skipped="0">
  <testcase classname="Day1.Registration" name="register2" time="0.005"/>
  <system-out/>
  <testcase classname="Day1.Registration" name="register1" time="7.333"/>
  <system-out/>
</testsuite> <!-- Day1.Registration -->
