<?xml version="1.0" encoding="UTF-8"?>
<!-- Generated by org.testng.reporters.JUnitReportReporter -->
<testsuite hostname="DESKTOP-AOKGK2P" failures="0" tests="2" name="Day3.ForgotPassword" time="0.007" errors="0" timestamp="2023-07-16T23:35:18 IST" skipped="0">
  <testcase classname="Day3.ForgotPassword" name="VarifywithPhone" time="0.003"/>
  <system-out/>
  <testcase classname="Day3.ForgotPassword" name="VarifywithMail" time="0.004"/>
  <system-out/>
</testsuite> <!-- Day3.ForgotPassword -->
