<?xml version="1.0" encoding="UTF-8"?>
<!-- Generated by org.testng.reporters.JUnitReportReporter -->
<testsuite hostname="DESKTOP-AOKGK2P" failures="0" tests="3" name="Day2.Login" time="0.013" errors="0" timestamp="2023-07-16T23:35:18 IST" skipped="0">
  <testcase classname="Day2.Login" name="BlankData" time="0.004"/>
  <system-out/>
  <testcase classname="Day2.Login" name="ValidData" time="0.005"/>
  <system-out/>
  <testcase classname="Day2.Login" name="InvalidData" time="0.004"/>
  <system-out/>
</testsuite> <!-- Day2.Login -->
