<?xml version="1.0" encoding="UTF-8"?>
<!-- Generated by org.testng.reporters.JUnitReportReporter -->
<testsuite hostname="DESKTOP-AOKGK2P" failures="0" tests="3" name="Day2.Login" time="0.007" errors="0" timestamp="2023-01-07T14:24:02 IST" skipped="0">
  <testcase classname="Day2.Login" name="InvalidData" time="0.003"/>
  <system-out/>
  <testcase classname="Day2.Login" name="BlankData" time="0.002"/>
  <system-out/>
  <testcase classname="Day2.Login" name="ValidData" time="0.002"/>
  <system-out/>
</testsuite> <!-- Day2.Login -->
