<?xml version="1.0" encoding="UTF-8"?>
<!-- Generated by org.testng.reporters.JUnitReportReporter -->
<testsuite hostname="DESKTOP-AOKGK2P" failures="0" tests="2" name="Day1.Registration" time="0.042" errors="0" timestamp="2023-01-07T14:24:02 IST" skipped="0">
  <testcase classname="Day1.Registration" name="register1" time="0.040"/>
  <system-out/>
  <testcase classname="Day1.Registration" name="register2" time="0.002"/>
  <system-out/>
</testsuite> <!-- Day1.Registration -->
